mode: set
github.com/avarteqgmbh/git-ssh-buildpack/utils/utils.go:9.33,10.31 1 1
github.com/avarteqgmbh/git-ssh-buildpack/utils/utils.go:10.31,12.57 2 1
github.com/avarteqgmbh/git-ssh-buildpack/utils/utils.go:12.57,13.91 1 0
github.com/avarteqgmbh/git-ssh-buildpack/cmd/detect/main.go:14.13,16.16 2 0
github.com/avarteqgmbh/git-ssh-buildpack/cmd/detect/main.go:21.2,22.16 2 0
github.com/avarteqgmbh/git-ssh-buildpack/cmd/detect/main.go:26.2,26.15 1 0
github.com/avarteqgmbh/git-ssh-buildpack/cmd/detect/main.go:16.16,19.3 2 0
github.com/avarteqgmbh/git-ssh-buildpack/cmd/detect/main.go:22.16,24.3 1 0
github.com/avarteqgmbh/git-ssh-buildpack/cmd/detect/main.go:29.52,30.46 1 1
github.com/avarteqgmbh/git-ssh-buildpack/cmd/detect/main.go:48.2,48.75 1 1
github.com/avarteqgmbh/git-ssh-buildpack/cmd/detect/main.go:30.46,46.3 1 1
github.com/avarteqgmbh/git-ssh-buildpack/cmd/build/main.go:18.13,20.16 2 0
github.com/avarteqgmbh/git-ssh-buildpack/cmd/build/main.go:25.2,26.16 2 0
github.com/avarteqgmbh/git-ssh-buildpack/cmd/build/main.go:30.2,30.15 1 0
github.com/avarteqgmbh/git-ssh-buildpack/cmd/build/main.go:20.16,23.3 2 0
github.com/avarteqgmbh/git-ssh-buildpack/cmd/build/main.go:26.16,28.3 1 0
github.com/avarteqgmbh/git-ssh-buildpack/cmd/build/main.go:33.73,37.16 3 1
github.com/avarteqgmbh/git-ssh-buildpack/cmd/build/main.go:40.2,40.46 1 1
github.com/avarteqgmbh/git-ssh-buildpack/cmd/build/main.go:37.16,39.3 1 1
github.com/avarteqgmbh/git-ssh-buildpack/sshagent/sshagent.go:27.59,29.35 2 1
github.com/avarteqgmbh/git-ssh-buildpack/sshagent/sshagent.go:33.2,35.9 3 1
github.com/avarteqgmbh/git-ssh-buildpack/sshagent/sshagent.go:40.2,42.16 3 1
github.com/avarteqgmbh/git-ssh-buildpack/sshagent/sshagent.go:47.2,49.16 3 1
github.com/avarteqgmbh/git-ssh-buildpack/sshagent/sshagent.go:54.2,54.40 1 1
github.com/avarteqgmbh/git-ssh-buildpack/sshagent/sshagent.go:77.2,77.93 1 1
github.com/avarteqgmbh/git-ssh-buildpack/sshagent/sshagent.go:82.2,82.95 1 1
github.com/avarteqgmbh/git-ssh-buildpack/sshagent/sshagent.go:87.2,87.12 1 1
github.com/avarteqgmbh/git-ssh-buildpack/sshagent/sshagent.go:29.35,31.3 1 0
github.com/avarteqgmbh/git-ssh-buildpack/sshagent/sshagent.go:35.9,38.3 2 1
github.com/avarteqgmbh/git-ssh-buildpack/sshagent/sshagent.go:42.16,45.3 2 1
github.com/avarteqgmbh/git-ssh-buildpack/sshagent/sshagent.go:49.16,52.3 2 1
github.com/avarteqgmbh/git-ssh-buildpack/sshagent/sshagent.go:54.40,58.17 3 1
github.com/avarteqgmbh/git-ssh-buildpack/sshagent/sshagent.go:63.3,65.17 2 1
github.com/avarteqgmbh/git-ssh-buildpack/sshagent/sshagent.go:58.17,61.4 2 1
github.com/avarteqgmbh/git-ssh-buildpack/sshagent/sshagent.go:65.17,66.48 1 1
github.com/avarteqgmbh/git-ssh-buildpack/sshagent/sshagent.go:66.48,67.61 1 1
github.com/avarteqgmbh/git-ssh-buildpack/sshagent/sshagent.go:67.61,68.33 1 1
github.com/avarteqgmbh/git-ssh-buildpack/sshagent/sshagent.go:68.33,71.7 2 1
github.com/avarteqgmbh/git-ssh-buildpack/sshagent/sshagent.go:77.93,80.3 2 1
github.com/avarteqgmbh/git-ssh-buildpack/sshagent/sshagent.go:82.95,85.3 2 0
github.com/avarteqgmbh/git-ssh-buildpack/sshagent/sshagent.go:90.32,91.52 1 1
github.com/avarteqgmbh/git-ssh-buildpack/sshagent/sshagent.go:94.2,94.31 1 1
github.com/avarteqgmbh/git-ssh-buildpack/sshagent/sshagent.go:91.52,93.3 1 1
github.com/avarteqgmbh/git-ssh-buildpack/sshagent/sshagent.go:97.51,101.11 3 1
github.com/avarteqgmbh/git-ssh-buildpack/sshagent/sshagent.go:104.2,105.11 2 1
github.com/avarteqgmbh/git-ssh-buildpack/sshagent/sshagent.go:108.2,109.12 2 1
github.com/avarteqgmbh/git-ssh-buildpack/sshagent/sshagent.go:112.2,112.14 1 1
github.com/avarteqgmbh/git-ssh-buildpack/sshagent/sshagent.go:101.11,103.3 1 0
github.com/avarteqgmbh/git-ssh-buildpack/sshagent/sshagent.go:105.11,107.3 1 1
github.com/avarteqgmbh/git-ssh-buildpack/sshagent/sshagent.go:109.12,111.3 1 0
github.com/avarteqgmbh/git-ssh-buildpack/sshagent/sshagent.go:117.106,123.2 5 0
github.com/avarteqgmbh/git-ssh-buildpack/sshagent/sshagent_mocks.go:25.57,29.2 3 1
github.com/avarteqgmbh/git-ssh-buildpack/sshagent/sshagent_mocks.go:32.55,34.2 1 1
github.com/avarteqgmbh/git-ssh-buildpack/sshagent/sshagent_mocks.go:37.107,40.25 3 1
github.com/avarteqgmbh/git-ssh-buildpack/sshagent/sshagent_mocks.go:43.2,45.13 3 1
github.com/avarteqgmbh/git-ssh-buildpack/sshagent/sshagent_mocks.go:40.25,42.3 1 1
github.com/avarteqgmbh/git-ssh-buildpack/sshagent/sshagent_mocks.go:49.117,53.2 3 1
